2023/10/03 11:35:12 Prasanna As developer Logged in
2023/10/03 11:35:20 Prasanna As DEVELOPER Searched Employee of name sourabh
2023/10/03 11:41:45 Sourabh As admin Logged in
2023/10/03 11:41:50 Requested to get Employee of name Sourabh Bamane
2023/10/03 11:44:23 Requested to get Employee of name Meghna Shinde
2023/10/03 11:44:33 Admin Logged Out
2023/10/03 11:45:09 Prasanna As developer Logged in
2023/10/03 11:45:16 Prasanna As DEVELOPER Searched Employee of name sourabh
2023/10/03 12:13:34 Sourabh As admin Logged in
2023/10/03 12:13:49 Added User Of Name  
2023/10/03 12:13:51 Admin Requested To View All Employees
2023/10/03 12:13:59 Admin Logged Out
2023/10/03 12:14:29 Sourabh As admin Logged in
2023/10/03 12:19:40 Sourabh As admin Logged in
2023/10/03 12:21:46 Sourabh As admin Logged in
2023/10/03 12:24:32 Sourabh As admin Logged in
2023/10/03 12:25:12 Added User Of Name pritee patil
2023/10/03 12:25:13 Admin Requested To View All Employees
2023/10/03 12:25:20 Admin Logged Out
2023/10/03 12:30:29 Sourabh As admin Logged in
2023/10/03 12:30:31 Admin Logged Out
2023/10/03 12:31:59 Sourabh As admin Logged in
2023/10/03 12:32:01 Admin Requested To View All Employees
2023/10/03 12:32:44 Added User Of Name Pritee Patil
2023/10/03 12:33:35 Added User Of Name Shailesh Kashid
2023/10/03 12:33:38 Admin Viewed all employees in sorted order
2023/10/03 12:33:48 Requested to get Employee of name Pritee
2023/10/03 12:33:54 Admin Logged Out
2023/10/03 12:34:20 Pritee As manager Logged in
2023/10/03 12:34:30 Pritee As MANAGER Viewed His/Her Details
2023/10/03 12:34:38 Pritee As MANAGER Searched Employee of name sourabh
2023/10/03 12:34:43 Pritee As MANAGER Logged out
2023/10/03 12:43:43 Sourabh As admin Logged in
2023/10/03 12:44:20 Added User Of Name pritee patil
2023/10/03 12:45:03 Added User Of Name Riya Mehta
2023/10/03 12:45:05 Admin Requested To View All Employees
2023/10/03 12:45:16 Requested to get Employee of name Prasanna Shekhar
2023/10/03 12:45:22 Requested to get Employee of name Riya
2023/10/03 12:45:26 Requested to get Employees Who are having BDay This Month
2023/10/03 12:45:35 Admin Logged Out
2023/10/03 12:46:15 pritee As manager Logged in
2023/10/03 12:46:27 pritee As MANAGER Viewed His/Her Details
2023/10/03 12:46:37 pritee As MANAGER Searched Employee of name riya
2023/10/03 12:46:40 pritee As MANAGER Logged out
2023/10/03 12:47:01 Riya As admin Logged in
2023/10/03 12:47:03 Admin Requested To View All Employees
2023/10/03 12:47:14 Deleted Employee of name Sourabh Patil
2023/10/03 12:47:16 Admin Requested To View All Employees
2023/10/03 12:47:52 Added User Of Name sdcv werfg
2023/10/03 12:47:57 Admin Requested To View All Employees
2023/10/03 12:48:07 Admin Logged Out
2023/10/03 12:48:55 Sourabh As admin Logged in
2023/10/03 12:48:56 Admin Logged Out
2023/10/03 12:51:24 Sourabh As admin Logged in
2023/10/03 12:51:26 Admin Requested To View All Employees
2023/10/03 12:51:29 Admin Logged Out
2023/10/03 13:11:42 Sourabh As admin Logged in
2023/10/03 13:11:48 Admin Requested To View All Employees
2023/10/03 13:11:49 Admin Logged Out
2023/10/03 13:13:49 Sourabh As admin Logged in
2023/10/03 13:14:05 Admin Requested To View All Employees
2023/10/03 13:14:07 Admin Logged Out
2023/10/03 13:41:19 Admin Requested To View All Employees
2023/10/03 13:41:22 Admin Logged Out
2023/10/03 13:41:39 Prasanna As DEVELOPER Logged out
2023/10/03 13:42:27 Prasanna As DEVELOPER Viewed His/Her Details
2023/10/03 13:42:30 Requested to get Employee of name Prasanna Shekhar
2023/10/03 13:42:34 Prasanna As DEVELOPER Updated His/Her Details
2023/10/03 13:42:39 Prasanna As DEVELOPER Viewed His/Her Details
2023/10/03 13:42:46 Prasanna As DEVELOPER Searched Employee of name sourabh
2023/10/03 13:42:50 Prasanna As DEVELOPER Logged out
2023/10/03 13:51:24 Requested to get Employee of name Prasanna Shekhar
2023/10/03 13:51:46 Prasanna As DEVELOPER Updated His/Her Details
2023/10/03 13:52:01 Prasanna As DEVELOPER Viewed His/Her Details
2023/10/03 13:52:04 Prasanna As DEVELOPER Logged out
2023/10/03 14:38:59 Admin Requested To View All Employees
2023/10/03 14:43:32 Admin Logged Out
2023/10/03 14:43:54 Admin Requested To View All Employees
2023/10/03 14:44:24 Requested to get Employees Who are having BDay This Month
2023/10/03 14:44:29 Admin Logged Out
2023/10/03 14:48:52 Requested to get Employee of name Meghna Shinde
2023/10/03 14:49:06 Updeted Employee details of Meghna Shinde
2023/10/03 14:49:12 Requested to get Employee of name Mahesh Patil
2023/10/03 14:49:40 Requested to get Employee of name Meghna Shinde
2023/10/03 14:49:53 Requested to get Employees Who are having BDay This Month
2023/10/03 14:50:07 Admin Logged Out
2023/10/03 15:18:32 Admin Requested To View All Employees
2023/10/03 15:18:37 Admin Logged Out
2023/10/03 15:19:00 Prasanna As DEVELOPER Viewed His/Her Details
2023/10/03 15:19:04 Requested to get Employee of name Prasanna Shekhar
2023/10/03 15:19:08 Prasanna As DEVELOPER Updated His/Her Details
2023/10/03 15:19:11 Prasanna As DEVELOPER Logged out
2023/10/03 15:29:23 Mahesh As TESTER Viewed His/Her Details
2023/10/03 15:29:25 Requested to get Employee of name Mahesh Patil
2023/10/03 15:29:40 Mahesh As TESTER Updated His/Her Details
2023/10/03 15:29:41 Mahesh As TESTER Viewed His/Her Details
2023/10/03 15:29:47 Mahesh As TESTER Searched Employee of name s
2023/10/03 15:30:19 Mahesh As TESTER Logged out
2023/10/03 15:30:33 Requested to get Employee of name Sourabh
2023/10/03 15:31:00 Admin Logged Out
2023/10/03 15:41:26 Admin Requested To View All Employees
2023/10/03 15:41:48 Added User Of Name s s
2023/10/03 15:41:51 Admin Requested To View All Employees
2023/10/03 15:42:02 Requested to get Employee of name s s
2023/10/03 15:42:07 Updeted Employee details of sou s
2023/10/03 15:42:10 Admin Requested To View All Employees
2023/10/03 15:42:15 Admin Viewed all employees in sorted order
2023/10/03 15:42:25 Requested to get Employees Who are having BDay This Month
2023/10/03 15:42:44 Requested to get Employee of name Meghna
2023/10/03 15:42:47 Admin Logged Out
2023/10/03 15:43:02 Prasanna As DEVELOPER Viewed His/Her Details
2023/10/03 15:43:04 Requested to get Employee of name Prasanna Shekhar
2023/10/03 15:43:08 Prasanna As DEVELOPER Updated His/Her Details
2023/10/03 15:43:09 Prasanna As DEVELOPER Viewed His/Her Details
2023/10/03 15:43:14 Prasanna As DEVELOPER Searched Employee of name s
2023/10/03 15:43:36 Requested to get Employee of name Meghna Shinde
2023/10/03 15:43:39 Prasanna As DEVELOPER Logged out
2023/10/03 16:01:23 Prasanna As DEVELOPER Viewed His/Her Details
2023/10/03 16:01:25 Requested to get Employee of name Prasanna Shekhar
2023/10/03 16:02:21 Prasanna As DEVELOPER Updated His/Her Details
2023/10/03 16:02:25 Prasanna As DEVELOPER Logged out
2023/10/03 16:03:42 Prasanna As DEVELOPER Viewed His/Her Details
2023/10/03 16:03:44 Requested to get Employee of name Prasanna Shekhar
2023/10/03 16:04:11 Prasanna As DEVELOPER Updated His/Her Details
2023/10/03 16:04:12 Prasanna As DEVELOPER Viewed His/Her Details
2023/10/03 16:04:18 Prasanna As DEVELOPER Logged out
2023/10/03 16:55:12 Admin Requested To View All Employees
2023/10/03 16:56:47 Added User Of Name Pritee Patil
2023/10/03 16:56:54 Admin Requested To View All Employees
2023/10/03 16:57:12 Requested to get Employee of name Pritee Patil
2023/10/03 16:57:35 Updeted Employee details of Pratik Patil
2023/10/03 16:57:42 Admin Requested To View All Employees
2023/10/03 16:57:53 Deleted Employee of name Pratik Patil
2023/10/03 16:57:58 Deleted Employee of name Sourabh Bamane
2023/10/03 16:58:00 Admin Requested To View All Employees
2023/10/03 16:58:12 Admin Viewed all employees in sorted order
2023/10/03 16:58:24 Requested to get Employees Who are having BDay This Month
2023/10/03 16:58:40 Requested to get Employee of name Prasanna
2023/10/03 16:58:50 Admin Logged Out
2023/10/03 16:59:39 Prasanna As DEVELOPER Viewed His/Her Details
2023/10/03 16:59:46 Requested to get Employee of name Prasanna Shekhar
2023/10/03 17:00:18 Prasanna As DEVELOPER Updated His/Her Details
2023/10/03 17:00:20 Prasanna As DEVELOPER Viewed His/Her Details
2023/10/03 17:00:36 Prasanna As DEVELOPER Searched Employee of name meghna
2023/10/03 17:00:49 Prasanna As DEVELOPER Searched Employee of name kamlesh
2023/10/03 17:00:58 Requested to get Employee of name Mahesh Shekhar
2023/10/03 17:01:09 Prasanna As DEVELOPER Logged out
2023/10/03 17:01:49 Requested to get Employee of name Prasanna Shekhar
2023/10/03 17:02:18 Prasanna As DEVELOPER Updated His/Her Details
2023/10/03 17:02:29 Prasanna As DEVELOPER Logged out
2023/10/03 17:03:50 Requested to get Employee of name Prasanna Shekhar
